<?xml version="1.0" encoding="UTF-8" ?>
<testsuite failures="0" time="97.562" errors="0" skipped="0" tests="27" name="services.CommentServiceTest">
  <properties>
    <property name="java.runtime.name" value="Java(TM) SE Runtime Environment"/>
    <property name="sun.boot.library.path" value="C:\Program Files\Java\jdk1.7.0_13\jre\bin"/>
    <property name="java.vm.version" value="23.7-b01"/>
    <property name="java.vm.vendor" value="Oracle Corporation"/>
    <property name="java.vendor.url" value="http://java.oracle.com/"/>
    <property name="path.separator" value=";"/>
    <property name="guice.disable.misplaced.annotation.check" value="true"/>
    <property name="java.vm.name" value="Java HotSpot(TM) 64-Bit Server VM"/>
    <property name="file.encoding.pkg" value="sun.io"/>
    <property name="user.script" value=""/>
    <property name="user.country" value="US"/>
    <property name="sun.java.launcher" value="SUN_STANDARD"/>
    <property name="sun.os.patch.level" value="Service Pack 2"/>
    <property name="java.vm.specification.name" value="Java Virtual Machine Specification"/>
    <property name="user.dir" value="E:\DPHackaton\Workspace\Acme-Orienteering"/>
    <property name="java.runtime.version" value="1.7.0_13-b20"/>
    <property name="java.awt.graphicsenv" value="sun.awt.Win32GraphicsEnvironment"/>
    <property name="java.endorsed.dirs" value="C:\Program Files\Java\jdk1.7.0_13\jre\lib\endorsed"/>
    <property name="os.arch" value="amd64"/>
    <property name="java.io.tmpdir" value="C:\DOCUME~1\Student\LOCALS~1\Temp\"/>
    <property name="line.separator" value="
"/>
    <property name="java.vm.specification.vendor" value="Oracle Corporation"/>
    <property name="user.variant" value=""/>
    <property name="os.name" value="Windows XP"/>
    <property name="classworlds.conf" value="C:\Program Files\Apache Software Foundation\apache-maven-3.1.0\bin\m2.conf"/>
    <property name="sun.jnu.encoding" value="Cp1252"/>
    <property name="java.library.path" value="C:\Program Files\Java\jdk1.7.0_13\bin;C:\WINDOWS\Sun\Java\bin;C:\WINDOWS\system32;C:\WINDOWS;C:\WINDOWS\system32;C:\WINDOWS;C:\WINDOWS\System32\Wbem;c:\program files\java\jdk1.7.0_13\bin;C:\WINDOWS\system32;C:\WINDOWS;C:\WINDOWS\System32\Wbem;c:\program files\java\jdk1.7.0_13\bin;C:\Program Files\Apache Software Foundation\apache-maven-3.1.0\bin;."/>
    <property name="java.specification.name" value="Java Platform API Specification"/>
    <property name="java.class.version" value="51.0"/>
    <property name="sun.management.compiler" value="HotSpot 64-Bit Tiered Compilers"/>
    <property name="os.version" value="5.2"/>
    <property name="user.home" value="C:\Documents and Settings\Student"/>
    <property name="user.timezone" value="Europe/Paris"/>
    <property name="java.awt.printerjob" value="sun.awt.windows.WPrinterJob"/>
    <property name="java.specification.version" value="1.7"/>
    <property name="file.encoding" value="Cp1252"/>
    <property name="user.name" value="Student"/>
    <property name="java.class.path" value="C:\Program Files\Apache Software Foundation\apache-maven-3.1.0\boot\plexus-classworlds-2.4.2.jar"/>
    <property name="org.slf4j.simpleLogger.defaultLogLevel" value="info"/>
    <property name="java.vm.specification.version" value="1.7"/>
    <property name="sun.arch.data.model" value="64"/>
    <property name="java.home" value="C:\Program Files\Java\jdk1.7.0_13\jre"/>
    <property name="sun.java.command" value="org.codehaus.plexus.classworlds.launcher.Launcher clean install tomcat7:run-war"/>
    <property name="java.specification.vendor" value="Oracle Corporation"/>
    <property name="user.language" value="en"/>
    <property name="awt.toolkit" value="sun.awt.windows.WToolkit"/>
    <property name="java.vm.info" value="mixed mode"/>
    <property name="java.version" value="1.7.0_13"/>
    <property name="java.ext.dirs" value="C:\Program Files\Java\jdk1.7.0_13\jre\lib\ext;C:\WINDOWS\Sun\Java\lib\ext"/>
    <property name="sun.boot.class.path" value="C:\Program Files\Java\jdk1.7.0_13\jre\lib\resources.jar;C:\Program Files\Java\jdk1.7.0_13\jre\lib\rt.jar;C:\Program Files\Java\jdk1.7.0_13\jre\lib\sunrsasign.jar;C:\Program Files\Java\jdk1.7.0_13\jre\lib\jsse.jar;C:\Program Files\Java\jdk1.7.0_13\jre\lib\jce.jar;C:\Program Files\Java\jdk1.7.0_13\jre\lib\charsets.jar;C:\Program Files\Java\jdk1.7.0_13\jre\lib\jfr.jar;C:\Program Files\Java\jdk1.7.0_13\jre\classes"/>
    <property name="java.vendor" value="Oracle Corporation"/>
    <property name="maven.home" value="C:\Program Files\Apache Software Foundation\apache-maven-3.1.0"/>
    <property name="file.separator" value="\"/>
    <property name="java.vendor.url.bug" value="http://bugreport.sun.com/bugreport/"/>
    <property name="sun.cpu.endian" value="little"/>
    <property name="sun.io.unicode.encoding" value="UnicodeLittle"/>
    <property name="sun.desktop" value="windows"/>
    <property name="sun.cpu.isalist" value="amd64"/>
  </properties>
  <testcase time="26.781" classname="services.CommentServiceTest" name="testCreateCommentError1"/>
  <testcase time="5.063" classname="services.CommentServiceTest" name="testCreateCommentError2"/>
  <testcase time="2.609" classname="services.CommentServiceTest" name="testCreateCommentError3"/>
  <testcase time="2.203" classname="services.CommentServiceTest" name="testCreateCommentError4"/>
  <testcase time="3.375" classname="services.CommentServiceTest" name="testCreateCommentError5"/>
  <testcase time="2.531" classname="services.CommentServiceTest" name="testCreateCommentError6"/>
  <testcase time="3.5" classname="services.CommentServiceTest" name="testCreateCommentError7"/>
  <testcase time="9.125" classname="services.CommentServiceTest" name="testCreateCommentError8"/>
  <testcase time="2.156" classname="services.CommentServiceTest" name="testCreateCommentError9"/>
  <testcase time="2.031" classname="services.CommentServiceTest" name="testDeleteCommentOk1"/>
  <testcase time="1.985" classname="services.CommentServiceTest" name="testDeleteCommentOk2"/>
  <testcase time="2.062" classname="services.CommentServiceTest" name="testDeleteCommentOk3"/>
  <testcase time="3.203" classname="services.CommentServiceTest" name="testCreateCommentError10"/>
  <testcase time="1.922" classname="services.CommentServiceTest" name="testCreateCommentError11"/>
  <testcase time="1.828" classname="services.CommentServiceTest" name="testCreateCommentError12"/>
  <testcase time="1.625" classname="services.CommentServiceTest" name="testDeleteCommentError1"/>
  <testcase time="2.063" classname="services.CommentServiceTest" name="testDeleteCommentError2"/>
  <testcase time="1.625" classname="services.CommentServiceTest" name="testDeleteCommentError3"/>
  <testcase time="1.625" classname="services.CommentServiceTest" name="testDeleteCommentError4"/>
  <testcase time="1.515" classname="services.CommentServiceTest" name="testDeleteCommentError5"/>
  <testcase time="1.875" classname="services.CommentServiceTest" name="testDeleteCommentError6"/>
  <testcase time="1.656" classname="services.CommentServiceTest" name="testFindAllByCommentedEntityId1"/>
  <testcase time="7.719" classname="services.CommentServiceTest" name="testFindAllByCommentedEntityId2"/>
  <testcase time="2.297" classname="services.CommentServiceTest" name="testFindAllByCommentedEntityId3"/>
  <testcase time="1.563" classname="services.CommentServiceTest" name="testCreateCommentOk1"/>
  <testcase time="1.375" classname="services.CommentServiceTest" name="testCreateCommentOk2"/>
  <testcase time="2.25" classname="services.CommentServiceTest" name="testCreateCommentOk3"/>
</testsuite>